Determining if the pthread_create exist failed with the following output:
Change Dir: /home/buckeye/catkin_ws/src/CapstoneROS/CMakeFiles/CMakeTmp

Run Build Command:/usr/bin/make "cmTryCompileExec3337321641/fast"
/usr/bin/make -f CMakeFiles/cmTryCompileExec3337321641.dir/build.make CMakeFiles/cmTryCompileExec3337321641.dir/build
make[1]: Entering directory `/home/buckeye/catkin_ws/src/CapstoneROS/CMakeFiles/CMakeTmp'
/usr/bin/cmake -E cmake_progress_report /home/buckeye/catkin_ws/src/CapstoneROS/CMakeFiles/CMakeTmp/CMakeFiles 1
Building C object CMakeFiles/cmTryCompileExec3337321641.dir/CheckSymbolExists.c.o
/usr/bin/cc    -o CMakeFiles/cmTryCompileExec3337321641.dir/CheckSymbolExists.c.o   -c /home/buckeye/catkin_ws/src/CapstoneROS/CMakeFiles/CMakeTmp/CheckSymbolExists.c
Linking C executable cmTryCompileExec3337321641
/usr/bin/cmake -E cmake_link_script CMakeFiles/cmTryCompileExec3337321641.dir/link.txt --verbose=1
/usr/bin/cc       CMakeFiles/cmTryCompileExec3337321641.dir/CheckSymbolExists.c.o  -o cmTryCompileExec3337321641 -rdynamic 
CMakeFiles/cmTryCompileExec3337321641.dir/CheckSymbolExists.c.o: In function `main':
CheckSymbolExists.c:(.text+0x16): undefined reference to `pthread_create'
collect2: error: ld returned 1 exit status
make[1]: *** [cmTryCompileExec3337321641] Error 1
make[1]: Leaving directory `/home/buckeye/catkin_ws/src/CapstoneROS/CMakeFiles/CMakeTmp'
make: *** [cmTryCompileExec3337321641/fast] Error 2

File /home/buckeye/catkin_ws/src/CapstoneROS/CMakeFiles/CMakeTmp/CheckSymbolExists.c:
/* */
#include <pthread.h>

int main(int argc, char** argv)
{
  (void)argv;
#ifndef pthread_create
  return ((int*)(&pthread_create))[argc];
#else
  (void)argc;
  return 0;
#endif
}

Determining if the function pthread_create exists in the pthreads failed with the following output:
Change Dir: /home/buckeye/catkin_ws/src/CapstoneROS/CMakeFiles/CMakeTmp

Run Build Command:/usr/bin/make "cmTryCompileExec1402961155/fast"
/usr/bin/make -f CMakeFiles/cmTryCompileExec1402961155.dir/build.make CMakeFiles/cmTryCompileExec1402961155.dir/build
make[1]: Entering directory `/home/buckeye/catkin_ws/src/CapstoneROS/CMakeFiles/CMakeTmp'
/usr/bin/cmake -E cmake_progress_report /home/buckeye/catkin_ws/src/CapstoneROS/CMakeFiles/CMakeTmp/CMakeFiles 1
Building C object CMakeFiles/cmTryCompileExec1402961155.dir/CheckFunctionExists.c.o
/usr/bin/cc   -DCHECK_FUNCTION_EXISTS=pthread_create   -o CMakeFiles/cmTryCompileExec1402961155.dir/CheckFunctionExists.c.o   -c /usr/share/cmake-2.8/Modules/CheckFunctionExists.c
Linking C executable cmTryCompileExec1402961155
/usr/bin/cmake -E cmake_link_script CMakeFiles/cmTryCompileExec1402961155.dir/link.txt --verbose=1
/usr/bin/cc   -DCHECK_FUNCTION_EXISTS=pthread_create    CMakeFiles/cmTryCompileExec1402961155.dir/CheckFunctionExists.c.o  -o cmTryCompileExec1402961155 -rdynamic -lpthreads 
/usr/bin/ld: cannot find -lpthreads
collect2: error: ld returned 1 exit status
make[1]: *** [cmTryCompileExec1402961155] Error 1
make[1]: Leaving directory `/home/buckeye/catkin_ws/src/CapstoneROS/CMakeFiles/CMakeTmp'
make: *** [cmTryCompileExec1402961155/fast] Error 2


